[backblue.gif]
[fade.gif]
[index.html]
[yata-apix-1ab92f5a-324f-49e0-9e60-8a3b81336fd1.s3-object.locaweb.com.br/a1c0658b2c8848868ed2e6735f75b339.jpg]
[yata-apix-1ab92f5a-324f-49e0-9e60-8a3b81336fd1.s3-object.locaweb.com.br/c62385fe3bac42e2ac6106304ce096b7.jpg]
[yata-apix-1ab92f5a-324f-49e0-9e60-8a3b81336fd1.s3-object.locaweb.com.br/67b2568cb07d415da544b8b326acfede.png]
[yata-apix-1ab92f5a-324f-49e0-9e60-8a3b81336fd1.s3-object.locaweb.com.br/584f792fa49542bfa879e70dca604421.png]
[yata-apix-1ab92f5a-324f-49e0-9e60-8a3b81336fd1.s3-object.locaweb.com.br/8bd36dc0f9594b71b8d7b8e880a3acf7.png]
[yata-apix-1ab92f5a-324f-49e0-9e60-8a3b81336fd1.s3-object.locaweb.com.br/c25af99aba8844ff9f8f388fa88995d5.png]
[yata-apix-1ab92f5a-324f-49e0-9e60-8a3b81336fd1.s3-object.locaweb.com.br/53e0c62db14a4b5291d983367e0bbb7e.png]
[yata-apix-1ab92f5a-324f-49e0-9e60-8a3b81336fd1.s3-object.locaweb.com.br/a4d8daaec63043168dff8318c8f9e137.png]
[yata-apix-1ab92f5a-324f-49e0-9e60-8a3b81336fd1.s3-object.locaweb.com.br/1ac0b57283ab4930b8ac27b95b846fac.png]
[odontointer.com.br/assets/criadordesites5c45.js]
[odontointer.com.br/index.html]
[odontointer.com.br/assets/criadordesites5c45.css]
[yata-apix-1ab92f5a-324f-49e0-9e60-8a3b81336fd1.s3-object.locaweb.com.br/b993471345d94a12ad31ca0c0c4d5739.jpg]
[yata-apix-1ab92f5a-324f-49e0-9e60-8a3b81336fd1.s3-object.locaweb.com.br/3c95c476f01c4a258bc1b19afc474012.jpg]
[yata-apix-1ab92f5a-324f-49e0-9e60-8a3b81336fd1.s3-object.locaweb.com.br/5dc7ea36f6db40dfa7a081f3399196fb.jpg]
[yata-apix-1ab92f5a-324f-49e0-9e60-8a3b81336fd1.s3-object.locaweb.com.br/594489ae5017480b8897f4800504855e.jpg]
[yata-apix-1ab92f5a-324f-49e0-9e60-8a3b81336fd1.s3-object.locaweb.com.br/53fe54d91bee4ac286a625c7d6727196.jpg]
[yata-apix-1ab92f5a-324f-49e0-9e60-8a3b81336fd1.s3-object.locaweb.com.br/003cdb507dd046d6b10e32b6c46aebe4.jpg]
[yata-apix-1ab92f5a-324f-49e0-9e60-8a3b81336fd1.s3-object.locaweb.com.br/1fd2355516194917bdd0d48ea4f40b3b.jpg]
[yata-apix-1ab92f5a-324f-49e0-9e60-8a3b81336fd1.s3-object.locaweb.com.br/7aae8deab8424d548d21b345a16a038a.jpg]
[yata-apix-1ab92f5a-324f-49e0-9e60-8a3b81336fd1.s3-object.locaweb.com.br/eb34aff15e4e4558bf8b65aa8ab9aa6f.jpg]
[yata-apix-1ab92f5a-324f-49e0-9e60-8a3b81336fd1.s3-object.locaweb.com.br/4fef40d6d8e743b28945b282ab014c64.jpg]
[yata-apix-1ab92f5a-324f-49e0-9e60-8a3b81336fd1.s3-object.locaweb.com.br/69c5fb53d9bf4bca951d3d1ff8dd1463.jpg]
[yata-apix-1ab92f5a-324f-49e0-9e60-8a3b81336fd1.s3-object.locaweb.com.br/aa623cea0bb64603b37e59f7f6135f64.jpg]
[yata-apix-1ab92f5a-324f-49e0-9e60-8a3b81336fd1.s3-object.locaweb.com.br/7dbc48a115204dcabd2da9e91bd81a7d.jpg]
[odontointer.com.br/produtos.html]
[yata-apix-1ab92f5a-324f-49e0-9e60-8a3b81336fd1.s3-object.locaweb.com.br/275d18eb857349cd80a212e363b80e67.jpg]
[yata-apix-1ab92f5a-324f-49e0-9e60-8a3b81336fd1.s3-object.locaweb.com.br/c078815b32434aebb4491592e7e41ee7.jpg]
[yata-apix-1ab92f5a-324f-49e0-9e60-8a3b81336fd1.s3-object.locaweb.com.br/d22924e46fac4f62ae213e1f5616962a.jpg]
[yata-apix-1ab92f5a-324f-49e0-9e60-8a3b81336fd1.s3-object.locaweb.com.br/821066d774e049cfa193fd15cca25496.jpg]
[yata-apix-1ab92f5a-324f-49e0-9e60-8a3b81336fd1.s3-object.locaweb.com.br/9faa4ca3379e45638aff242bf525a767.jpg]
[yata-apix-1ab92f5a-324f-49e0-9e60-8a3b81336fd1.s3-object.locaweb.com.br/4bd08b7a93ac4d93a3390a114ac42f36.jpg]
[yata-apix-1ab92f5a-324f-49e0-9e60-8a3b81336fd1.s3-object.locaweb.com.br/4ed9c90970574675b813283056ada1f5.jpg]
[yata-apix-1ab92f5a-324f-49e0-9e60-8a3b81336fd1.s3-object.locaweb.com.br/740ab8a2cb0d4c14abc23d8fab941e4e.jpg]
[yata-apix-1ab92f5a-324f-49e0-9e60-8a3b81336fd1.s3-object.locaweb.com.br/011245346cd646cbad4df1b27c358eed.jpg]
[yata-apix-1ab92f5a-324f-49e0-9e60-8a3b81336fd1.s3-object.locaweb.com.br/b5bc528cad874b00b7700d869e786b17.jpg]
[yata-apix-1ab92f5a-324f-49e0-9e60-8a3b81336fd1.s3-object.locaweb.com.br/67a8d0df37b34fd2827d27c8ab2e906d.jpg]
[yata-apix-1ab92f5a-324f-49e0-9e60-8a3b81336fd1.s3-object.locaweb.com.br/e8380925e11044f4926c73f283145666.jpg]
[odontointer.com.br/botox.html]
[yata-apix-1ab92f5a-324f-49e0-9e60-8a3b81336fd1.s3-object.locaweb.com.br/4a1ca97e3fdf4d3dbbe7f7e83db82726.png]
[yata-apix-1ab92f5a-324f-49e0-9e60-8a3b81336fd1.s3-object.locaweb.com.br/a79adfad14d6486a9f73b13dfafdfbe1.jpg]
[yata-apix-1ab92f5a-324f-49e0-9e60-8a3b81336fd1.s3-object.locaweb.com.br/d212f9a519b14493a3a2eb2ce91a5e97.jpg]
[yata-apix-1ab92f5a-324f-49e0-9e60-8a3b81336fd1.s3-object.locaweb.com.br/b7bb490a4eff4ffca35d57157b3fb025.jpg]
[yata-apix-1ab92f5a-324f-49e0-9e60-8a3b81336fd1.s3-object.locaweb.com.br/a7389fddd6e24ad49720e64211741985.jpg]
[odontointer.com.br/assets/criadordesites7b1a.js]
[odontointer.com.br/clareamento.html]
[odontointer.com.br/facetas.html]
[odontointer.com.br/entre-em-contato.html]
[odontointer.com.br/assets/owl.video.play.html]
[odontointer.com.br/assets/criadordesites7b1a.css]
